<?xml version="1.0" encoding="UTF-8"?>
<testng-results ignored="2" total="5" passed="2" failed="1" skipped="0">
  <reporter-output>
  </reporter-output>
  <suite started-at="2023-05-06T20:14:08 IST" name="Suite" finished-at="2023-05-06T20:14:45 IST" duration-ms="36696">
    <groups>
      <group name="Sanity">
        <method signature="LoginPageTest.verifyTitle()[pri:2, instance:testcases.LoginPageTest@38c6f217]" name="verifyTitle" class="testcases.LoginPageTest"/>
      </group> <!-- Sanity -->
    </groups>
    <test started-at="2023-05-06T20:14:08 IST" name="Test" finished-at="2023-05-06T20:14:45 IST" duration-ms="36696">
      <class name="testcases.LoginPageTest">
        <test-method is-config="true" signature="loadConfig()[pri:0, instance:testcases.LoginPageTest@38c6f217]" started-at="2023-05-06T20:14:08 IST" name="loadConfig" finished-at="2023-05-06T20:14:08 IST" duration-ms="338" status="PASS">
          <reporter-output>
          </reporter-output>
        </test-method> <!-- loadConfig -->
        <test-method is-config="true" signature="setup()[pri:0, instance:testcases.LoginPageTest@38c6f217]" started-at="2023-05-06T20:14:08 IST" name="setup" finished-at="2023-05-06T20:14:14 IST" duration-ms="5759" status="PASS">
          <reporter-output>
          </reporter-output>
        </test-method> <!-- setup -->
        <test-method signature="verifyLoginPage()[pri:1, instance:testcases.LoginPageTest@38c6f217]" started-at="2023-05-06T20:14:14 IST" name="verifyLoginPage" description="Login to Application" finished-at="2023-05-06T20:14:15 IST" duration-ms="793" status="PASS">
          <reporter-output>
          </reporter-output>
        </test-method> <!-- verifyLoginPage -->
        <test-method is-config="true" signature="setup()[pri:0, instance:testcases.LoginPageTest@38c6f217]" started-at="2023-05-06T20:14:15 IST" name="setup" finished-at="2023-05-06T20:14:20 IST" duration-ms="5274" status="PASS">
          <reporter-output>
          </reporter-output>
        </test-method> <!-- setup -->
        <test-method signature="verifyTitle()[pri:2, instance:testcases.LoginPageTest@38c6f217]" started-at="2023-05-06T20:14:20 IST" name="verifyTitle" description="Verify the title" finished-at="2023-05-06T20:14:20 IST" duration-ms="30" status="FAIL">
          <exception class="java.lang.AssertionError">
            <message>
              <![CDATA[expected [Welcome To XTRAPOWER Fleet Card1] but found [Welcome To XTRAPOWER Fleet Card]]]>
            </message>
            <full-stacktrace>
              <![CDATA[java.lang.AssertionError: expected [Welcome To XTRAPOWER Fleet Card1] but found [Welcome To XTRAPOWER Fleet Card]
at org.testng.Assert.fail(Assert.java:99)
at org.testng.Assert.failNotEquals(Assert.java:1037)
at org.testng.Assert.assertEqualsImpl(Assert.java:140)
at org.testng.Assert.assertEquals(Assert.java:122)
at org.testng.Assert.assertEquals(Assert.java:629)
at org.testng.Assert.assertEquals(Assert.java:639)
at testcases.LoginPageTest.verifyTitle(LoginPageTest.java:65)
at java.base/jdk.internal.reflect.DirectMethodHandleAccessor.invoke(DirectMethodHandleAccessor.java:104)
at java.base/java.lang.reflect.Method.invoke(Method.java:577)
at org.testng.internal.MethodInvocationHelper.invokeMethod(MethodInvocationHelper.java:133)
at org.testng.internal.TestInvoker.invokeMethod(TestInvoker.java:598)
at org.testng.internal.TestInvoker.invokeTestMethod(TestInvoker.java:173)
at org.testng.internal.MethodRunner.runInSequence(MethodRunner.java:46)
at org.testng.internal.TestInvoker$MethodInvocationAgent.invoke(TestInvoker.java:824)
at org.testng.internal.TestInvoker.invokeTestMethods(TestInvoker.java:146)
at org.testng.internal.TestMethodWorker.invokeTestMethods(TestMethodWorker.java:146)
at org.testng.internal.TestMethodWorker.run(TestMethodWorker.java:128)
at java.base/java.util.ArrayList.forEach(ArrayList.java:1511)
at org.testng.TestRunner.privateRun(TestRunner.java:794)
at org.testng.TestRunner.run(TestRunner.java:596)
at org.testng.SuiteRunner.runTest(SuiteRunner.java:377)
at org.testng.SuiteRunner.runSequentially(SuiteRunner.java:371)
at org.testng.SuiteRunner.privateRun(SuiteRunner.java:332)
at org.testng.SuiteRunner.run(SuiteRunner.java:276)
at org.testng.SuiteRunnerWorker.runSuite(SuiteRunnerWorker.java:53)
at org.testng.SuiteRunnerWorker.run(SuiteRunnerWorker.java:96)
at org.testng.TestNG.runSuitesSequentially(TestNG.java:1212)
at org.testng.TestNG.runSuitesLocally(TestNG.java:1134)
at org.testng.TestNG.runSuites(TestNG.java:1063)
at org.testng.TestNG.run(TestNG.java:1031)
at org.testng.remote.AbstractRemoteTestNG.run(AbstractRemoteTestNG.java:115)
at org.testng.remote.RemoteTestNG.initAndRun(RemoteTestNG.java:251)
at org.testng.remote.RemoteTestNG.main(RemoteTestNG.java:77)
]]>
            </full-stacktrace>
          </exception> <!-- java.lang.AssertionError -->
          <reporter-output>
          </reporter-output>
        </test-method> <!-- verifyTitle -->
        <test-method is-config="true" signature="afterSuite()[pri:0, instance:testcases.LoginPageTest@38c6f217]" started-at="2023-05-06T20:14:45 IST" name="afterSuite" finished-at="2023-05-06T20:14:45 IST" duration-ms="484" status="PASS">
          <reporter-output>
          </reporter-output>
        </test-method> <!-- afterSuite -->
      </class> <!-- testcases.LoginPageTest -->
      <class name="testcases.CustomerMenuTest">
        <test-method is-config="true" signature="setup()[pri:0, instance:testcases.CustomerMenuTest@10e31a9a]" started-at="2023-05-06T20:14:22 IST" name="setup" finished-at="2023-05-06T20:14:30 IST" duration-ms="8649" status="PASS">
          <reporter-output>
          </reporter-output>
        </test-method> <!-- setup -->
        <test-method signature="verifyAddCustomer(java.util.Map)[pri:0, instance:testcases.CustomerMenuTest@10e31a9a]" started-at="2023-05-06T20:14:30 IST" name="verifyAddCustomer" data-provider="customerinfo" finished-at="2023-05-06T20:14:45 IST" duration-ms="14348" status="PASS">
          <params>
            <param index="0">
              <value>
                <![CDATA[{Transport Hub =NOIDA, Name on Card=King Luther, Email=luther@gmail.com, SubCustomerType=General, KeyOfficialName=Sir John, City=Noida, CustomerType=Fleet, Mobile=9.977886655E9, State=UTTAR PRADESH, Address 1=H-No.56, KeyOfficialMobile=7.908764543E9, PIN Code=201301, Form Number=007, DivisionOffice=AOD-GUWAHATI, Stateoffice=ANSO, Customer Name=King Luther, District=NOIDA, PAN No=MDLGH2975A, Constitution=Individual}]]>
              </value>
            </param>
          </params>
          <reporter-output>
          </reporter-output>
        </test-method> <!-- verifyAddCustomer -->
        <test-method is-config="true" signature="tearDown()[pri:0, instance:testcases.CustomerMenuTest@10e31a9a]" started-at="2023-05-06T20:14:45 IST" name="tearDown" finished-at="2023-05-06T20:14:45 IST" duration-ms="331" status="PASS">
          <reporter-output>
          </reporter-output>
        </test-method> <!-- tearDown -->
      </class> <!-- testcases.CustomerMenuTest -->
    </test> <!-- Test -->
  </suite> <!-- Suite -->
</testng-results>
